<?xml version="1.0" encoding="UTF-8"?>
<!-- Generated by org.testng.reporters.JUnitXMLReporter -->
<testsuite ignored="0" hostname="Riju_Laptop" failures="0" tests="6" name="Testing with edge" time="223.55" errors="0" timestamp="2026-02-13T16:33:56 IST">
  <testcase classname="amazon.TestCase2_Logintoamazonandsearch" name="search" time="10.171">
    <skipped/>
  </testcase> <!-- search -->
  <testcase classname="amazon.TestCase2_Logintoamazonandsearch" name="search" time="34.166"/>
  <testcase classname="amazon.Testcase1_LogintoAmazon" name="withvalidcredential" time="15.236">
    <skipped/>
  </testcase> <!-- withvalidcredential -->
  <testcase classname="amazon.Testcase1_LogintoAmazon" name="withvalidcredential" time="11.577">
    <skipped/>
  </testcase> <!-- withvalidcredential -->
  <testcase classname="amazon.Testcase1_LogintoAmazon" name="withvalidcredential" time="10.968"/>
  <testcase classname="amazon.TestCase3_Logintoamazonaandlogout" name="logout" time="59.79"/>
</testsuite> <!-- Testing with edge -->
