<?xml version="1.0" encoding="UTF-8"?>
<!-- Generated by org.testng.reporters.JUnitXMLReporter -->
<testsuite ignored="0" hostname="Riju_Laptop" failures="0" tests="4" name="Testing on chrome" time="191.973" errors="0" timestamp="2026-02-16T14:50:45 IST">
  <testcase classname="amazon.TestCase2_Logintoamazonandsearch" name="search" time="25.531"/>
  <testcase classname="amazon.Testcase1_LogintoAmazon" name="withvalidcredential" time="9.332"/>
  <testcase classname="amazon.TestCase3_Logintoamazonaandlogout" name="logout" time="49.935">
    <skipped/>
  </testcase> <!-- logout -->
  <testcase classname="amazon.TestCase3_Logintoamazonaandlogout" name="logout" time="61.306"/>
</testsuite> <!-- Testing on chrome -->
