<?xml version="1.0" encoding="UTF-8"?>
<!-- Generated by org.testng.reporters.JUnitXMLReporter -->
<testsuite ignored="0" hostname="Riju_Laptop" failures="0" tests="3" name="Testing on chrome" time="177.435" errors="0" timestamp="2026-02-11T21:57:50 IST">
  <testcase classname="amazon.TestCase2_Logintoamazonandsearch" name="search" time="87.57"/>
  <testcase classname="amazon.Testcase1_LogintoAmazon" name="withvalidcredential" time="30.317"/>
  <testcase classname="amazon.TestCase3_Logintoamazonaandlogout" name="logout" time="28.072"/>
</testsuite> <!-- Testing on chrome -->
