<?xml version="1.0" encoding="UTF-8"?>
<!-- Generated by org.testng.reporters.JUnitXMLReporter -->
<testsuite ignored="0" hostname="Riju_Laptop" failures="0" tests="3" name="Test on chrome" time="109.884" errors="0" timestamp="2026-02-11T12:20:49 IST">
  <testcase classname="AmazonMaven.TestCase3_logout" name="withvalidcredials" time="44.047"/>
  <testcase classname="AmazonMaven.LogintoAmazon_Testcase1" name="withvalidcredials" time="19.331"/>
  <testcase classname="AmazonMaven.Testcase2_Logintoamazonandsearch" name="withvalidcredials" time="23.495"/>
</testsuite> <!-- Test on chrome -->
