<?xml version="1.0" encoding="UTF-8"?>
<testsuite xmlns:xsi="http://www.w3.org/2001/XMLSchema-instance" xsi:noNamespaceSchemaLocation="https://maven.apache.org/surefire/maven-surefire-plugin/xsd/surefire-test-report.xsd" version="3.0.2" name="TestSuite" time="192.633" tests="4" errors="0" skipped="1" failures="0">
  <properties>
[...]
</properties>
  <testcase name="search" classname="amazon.TestCase2_Logintoamazonandsearch" time="25.539">
    <system-err><![CDATA[SLF4J: Failed to load class "org.slf4j.impl.StaticLoggerBinder".
SLF4J: Defaulting to no-operation (NOP) logger implementation
SLF4J: See http://www.slf4j.org/codes.html#StaticLoggerBinder for further details.
Feb 16, 2026 2:47:45 PM org.openqa.selenium.devtools.CdpVersionFinder findNearestMatch
WARNING: Unable to find an exact match for CDP version 144, returning the closest version; found: 143; Please update to a Selenium version that supports CDP version 144
]]></system-err>
  </testcase>
  <testcase name="withvalidcredential" classname="amazon.Testcase1_LogintoAmazon" time="9.334">
    <system-out><![CDATA[Hello, Riju
]]></system-out>
    <system-err><![CDATA[Feb 16, 2026 2:48:19 PM org.openqa.selenium.devtools.CdpVersionFinder findNearestMatch
WARNING: Unable to find an exact match for CDP version 144, returning the closest version; found: 143; Please update to a Selenium version that supports CDP version 144
]]></system-err>
  </testcase>
  <testcase name="logout" classname="amazon.TestCase3_Logintoamazonaandlogout" time="0.0">
    <skipped message="element not interactable&#10;  (Session info: MicrosoftEdge=144.0.3719.115)&#10;Build info: version: &apos;4.39.0&apos;, revision: &apos;126f156aee&apos;&#10;System info: os.name: &apos;Windows 11&apos;, os.arch: &apos;amd64&apos;, os.version: &apos;10.0&apos;, java.version: &apos;21.0.8&apos;&#10;Driver info: org.openqa.selenium.edge.EdgeDriver&#10;Command: [a87d005884c59bbf18512864959b1151, clickElement {id=f.28131E2A3E91D2FCB2A3DF853637D23C.d.1626DC7BCFF807C73A20F6DF048DF001.e.606}]&#10;Capabilities {acceptInsecureCerts: false, browserName: MicrosoftEdge, browserVersion: 144.0.3719.115, fedcm:accounts: true, goog:processID: 29808, ms:edgeOptions: {debuggerAddress: localhost:49358}, msedge: {msedgedriverVersion: 144.0.3719.130 (897347d4ca3..., userDataDir: C:\Users\rijuc\AppData\Loca...}, networkConnectionEnabled: false, pageLoadStrategy: normal, platformName: windows, proxy: Proxy(), se:cdp: ws://localhost:49358/devtoo..., se:cdpVersion: 144.0.3719.115, setWindowRect: true, strictFileInteractability: false, timeouts: {implicit: 0, pageLoad: 300000, script: 30000}, unhandledPromptBehavior: dismiss and notify, webauthn:extension:credBlob: true, webauthn:extension:largeBlob: true, webauthn:extension:minPinLength: true, webauthn:extension:prf: true, webauthn:virtualAuthenticators: true}&#10;Element: [[EdgeDriver: MicrosoftEdge on windows (a87d005884c59bbf18512864959b1151)] -&gt; xpath: //span[text()=&apos;Sign Out&apos;]]&#10;Session ID: a87d005884c59bbf18512864959b1151"/>
    <system-err><![CDATA[Feb 16, 2026 2:48:35 PM org.openqa.selenium.devtools.CdpVersionFinder findNearestMatch
WARNING: Unable to find an exact match for CDP version 144, returning the closest version; found: 143; Please update to a Selenium version that supports CDP version 144
]]></system-err>
  </testcase>
  <testcase name="logout" classname="amazon.TestCase3_Logintoamazonaandlogout" time="61.307">
    <system-err><![CDATA[Feb 16, 2026 2:49:33 PM org.openqa.selenium.devtools.CdpVersionFinder findNearestMatch
WARNING: Unable to find an exact match for CDP version 144, returning the closest version; found: 143; Please update to a Selenium version that supports CDP version 144
]]></system-err>
  </testcase>
</testsuite>