<?xml version="1.0" encoding="UTF-8"?>
<!-- Generated by org.testng.reporters.JUnitReportReporter -->
<testsuite hostname="Riju_Laptop" failures="0" tests="1" name="amazon.TestCase3_Logintoamazonaandlogout" time="36.710" errors="0" timestamp="2026-02-11T21:57:51 IST" skipped="0">
  <testcase classname="amazon.TestCase3_Logintoamazonaandlogout" name="logout" time="36.710">
    <system-out>
      <![CDATA[browser is lauched
username is entered
password is entered
login is successful
product search is sucessful
signout is successful]]>
    </system-out>
  </testcase> <!-- logout -->
  <system-out>
    <![CDATA[browser is lauched
username is entered
password is entered
login is successful
product search is sucessful
browser is lauched
username is entered
password is entered
login is successful
browser is lauched
username is entered
password is entered
login is successful
product search is sucessful
signout is successful]]>
  </system-out>
</testsuite> <!-- amazon.TestCase3_Logintoamazonaandlogout -->
