<?xml version="1.0" encoding="UTF-8"?>
<!-- Generated by org.testng.reporters.JUnitReportReporter -->
<testsuite hostname="Riju_Laptop" failures="0" tests="1" name="AmazonMaven.LogintoAmazon_Testcase1" time="24.510" errors="0" timestamp="2026-02-11T12:20:49 IST" skipped="0">
  <testcase classname="AmazonMaven.LogintoAmazon_Testcase1" name="withvalidcredials" time="24.510">
    <system-out>
      <![CDATA[username is entered
password is entered
login is successful is entered]]>
    </system-out>
  </testcase> <!-- withvalidcredials -->
  <system-out>
    <![CDATA[username is entered
password is entered
login is successful is entered]]>
  </system-out>
</testsuite> <!-- AmazonMaven.LogintoAmazon_Testcase1 -->
