<?xml version="1.0" encoding="UTF-8"?>
<!-- Generated by org.testng.reporters.JUnitReportReporter -->
<testsuite hostname="Riju_Laptop" failures="0" tests="1" name="AmazonMaven.TestCase3_logout" time="53.856" errors="0" timestamp="2026-02-11T12:20:49 IST" skipped="0">
  <testcase classname="AmazonMaven.TestCase3_logout" name="withvalidcredials" time="53.856"/>
  <system-out>
    <![CDATA[username is entered
password is entered
login is successful is entered]]>
  </system-out>
</testsuite> <!-- AmazonMaven.TestCase3_logout -->
