<?xml version="1.0" encoding="UTF-8"?>
<!-- Generated by org.testng.reporters.JUnitReportReporter -->
<testsuite hostname="Riju_Laptop" failures="0" tests="1" name="AmazonMaven.Testcase2_Logintoamazonandsearch" time="31.423" errors="0" timestamp="2026-02-11T12:20:49 IST" skipped="0">
  <testcase classname="AmazonMaven.Testcase2_Logintoamazonandsearch" name="withvalidcredials" time="31.423"/>
  <system-out>
    <![CDATA[username is entered
password is entered
login is successful is entered]]>
  </system-out>
</testsuite> <!-- AmazonMaven.Testcase2_Logintoamazonandsearch -->
